# do {logic_gates_tb_compile.do}
# Model Technology ModelSim PE vmap 10.4c Lib Mapping Utility 2015.07 Jul 20 2015
# vmap xil_defaultlib msim/xil_defaultlib 
# Modifying modelsim.ini
# ** Warning: (vlog-159) Mode option -64 is not supported in this context and will be ignored.
# 
# Model Technology ModelSim PE vlog 10.4c Compiler 2015.07 Jul 20 2015
# Start time: 00:37:11 on Sep 15,2024
# vlog -64 -incr -work xil_defaultlib ../../../9.14shiyan_1.srcs/sources_1/new/logic_gates_1.v ../../../9.14shiyan_1.srcs/sim_1/new/logic_gates_tb.v 
# -- Compiling module logic_gates_1
# -- Compiling module logic_gates_tb
# 
# Top level modules:
# 	logic_gates_tb
# End time: 00:37:11 on Sep 15,2024, Elapsed time: 0:00:00
# Errors: 0, Warnings: 1
# Model Technology ModelSim PE vlog 10.4c Compiler 2015.07 Jul 20 2015
# Start time: 00:37:11 on Sep 15,2024
# vlog -work xil_defaultlib glbl.v 
# -- Compiling module glbl
# 
# Top level modules:
# 	glbl
# End time: 00:37:11 on Sep 15,2024, Elapsed time: 0:00:00
# Errors: 0, Warnings: 0
