# do {DataCompare8_tb_simulate.do}
# vsim -voptargs=""+acc"" -L unisims_ver -L unimacro_ver -L secureip -L xil_defaultlib -lib xil_defaultlib xil_defaultlib.DataCompare8_tb xil_defaultlib.glbl 
# Start time: 19:09:18 on Oct 21,2024
# //  ModelSim PE 10.4c Jul 20 2015 
# //
# //  Copyright 1991-2015 Mentor Graphics Corporation
# //  All Rights Reserved.
# //
# //  THIS WORK CONTAINS TRADE SECRET AND PROPRIETARY INFORMATION
# //  WHICH IS THE PROPERTY OF MENTOR GRAPHICS CORPORATION OR ITS
# //  LICENSORS AND IS SUBJECT TO LICENSE TERMS.
# //  THIS DOCUMENT CONTAINS TRADE SECRETS AND COMMERCIAL OR FINANCIAL
# //  INFORMATION THAT ARE PRIVILEGED, CONFIDENTIAL, AND EXEMPT FROM
# //  DISCLOSURE UNDER THE FREEDOM OF INFORMATION ACT, 5 U.S.C. SECTION 552.
# //  FURTHERMORE, THIS INFORMATION IS PROHIBITED FROM DISCLOSURE UNDER
# //  THE TRADE SECRETS ACT, 18 U.S.C. SECTION 1905.
# //
# Loading xil_defaultlib.DataCompare8_tb
# Loading xil_defaultlib.DataCompare8
# Loading xil_defaultlib.DataCompare4
# Loading xil_defaultlib.glbl
# ** Warning: (vsim-3017) ../../../1021shiyan5_2.srcs/sources_1/new/DataCompare8.v(30): [TFMPC] - Too few port connections. Expected 4, found 3.
#    Time: 0 ps  Iteration: 0  Instance: /DataCompare8_tb/uut/disiwei File: ../../../1021shiyan5_2.srcs/sources_1/new/DataCompare8.v
# ** Warning: (vsim-3722) ../../../1021shiyan5_2.srcs/sources_1/new/DataCompare8.v(30): [TFMPC] - Missing connection for port 'iData'.
# .main_pane.wave.interior.cs.body.pw.wf
# .main_pane.structure.interior.cs.body.struct
# .main_pane.objects.interior.cs.body.tree
# End time: 19:10:59 on Oct 21,2024, Elapsed time: 0:01:41
# Errors: 0, Warnings: 2
