# do {selector41_tb_compile.do}
# Model Technology ModelSim PE vmap 10.4c Lib Mapping Utility 2015.07 Jul 20 2015
# vmap xil_defaultlib msim/xil_defaultlib 
# Modifying modelsim.ini
# ** Warning: (vlog-159) Mode option -64 is not supported in this context and will be ignored.
# 
# Model Technology ModelSim PE vlog 10.4c Compiler 2015.07 Jul 20 2015
# Start time: 11:54:43 on Oct 01,2024
# vlog -64 -incr -work xil_defaultlib ../../../9.30shiyan_2.srcs/sources_1/new/selector41.v ../../../9.30shiyan_2.srcs/sim_1/new/test_930.v 
# -- Compiling module selector41
# -- Compiling module selector41_tb
# 
# Top level modules:
# 	selector41_tb
# End time: 11:54:43 on Oct 01,2024, Elapsed time: 0:00:00
# Errors: 0, Warnings: 1
# Model Technology ModelSim PE vlog 10.4c Compiler 2015.07 Jul 20 2015
# Start time: 11:54:43 on Oct 01,2024
# vlog -work xil_defaultlib glbl.v 
# -- Compiling module glbl
# 
# Top level modules:
# 	glbl
# End time: 11:54:43 on Oct 01,2024, Elapsed time: 0:00:00
# Errors: 0, Warnings: 0
