# do {Counter8_tb_compile.do}
# Model Technology ModelSim PE vmap 10.4c Lib Mapping Utility 2015.07 Jul 20 2015
# vmap xil_defaultlib msim/xil_defaultlib 
# Modifying modelsim.ini
# ** Warning: (vlog-159) Mode option -64 is not supported in this context and will be ignored.
# 
# Model Technology ModelSim PE vlog 10.4c Compiler 2015.07 Jul 20 2015
# Start time: 02:26:34 on Jan 04,2025
# vlog -64 -incr -work xil_defaultlib ../../../shiyan7_1.srcs/sources_1/new/Counter8.v ../../../shiyan7_1.srcs/sim_1/new/Counter8_tb.v 
# -- Compiling module Counter8
# -- Compiling module JK_FF
# -- Compiling module display7
# -- Compiling module Divider
# -- Compiling module Counter8_tb
# 
# Top level modules:
# 	Counter8_tb
# End time: 02:26:34 on Jan 04,2025, Elapsed time: 0:00:00
# Errors: 0, Warnings: 1
# Model Technology ModelSim PE vlog 10.4c Compiler 2015.07 Jul 20 2015
# Start time: 02:26:34 on Jan 04,2025
# vlog -work xil_defaultlib glbl.v 
# -- Compiling module glbl
# 
# Top level modules:
# 	glbl
# End time: 02:26:34 on Jan 04,2025, Elapsed time: 0:00:00
# Errors: 0, Warnings: 0
